<?xml version="1.0" encoding="UTF-8"?>
<!-- Generated by org.testng.reporters.JUnitXMLReporter -->
<testsuite ignored="0" hostname="LAPTOP-0062FF7B" failures="0" tests="3" name="Test" time="4.079" errors="0" timestamp="2022-07-15T21:37:55 IST">
  <testcase classname="genericLib.BaseClass" name="@BeforeMethod openApp" time="2.481">
    <failure type="java.io.FileNotFoundException" message=".\src\main\resources\data.properties (The system cannot find the file specified)">
      <![CDATA[java.io.FileNotFoundException: .\src\main\resources\data.properties (The system cannot find the file specified)
at java.base/java.io.FileInputStream.open0(Native Method)
at java.base/java.io.FileInputStream.open(FileInputStream.java:216)
at java.base/java.io.FileInputStream.<init>(FileInputStream.java:157)
at java.base/java.io.FileInputStream.<init>(FileInputStream.java:111)
at genericLib.PropertyFile.getPropertyFile(PropertyFile.java:12)
at genericLib.BaseClass.openApp(BaseClass.java:26)
at java.base/java.util.ArrayList.forEach(ArrayList.java:1511)
... Removed 31 stack frames]]>
    </failure>
  </testcase> <!-- @BeforeMethod openApp -->
  <testcase classname="genericLib.BaseClass" name="@BeforeMethod openApp" time="0.785">
    <failure type="java.io.FileNotFoundException" message=".\src\main\resources\data.properties (The system cannot find the file specified)">
      <![CDATA[java.io.FileNotFoundException: .\src\main\resources\data.properties (The system cannot find the file specified)
at java.base/java.io.FileInputStream.open0(Native Method)
at java.base/java.io.FileInputStream.open(FileInputStream.java:216)
at java.base/java.io.FileInputStream.<init>(FileInputStream.java:157)
at java.base/java.io.FileInputStream.<init>(FileInputStream.java:111)
at genericLib.PropertyFile.getPropertyFile(PropertyFile.java:12)
at genericLib.BaseClass.openApp(BaseClass.java:26)
at java.base/java.util.ArrayList.forEach(ArrayList.java:1511)
... Removed 31 stack frames]]>
    </failure>
  </testcase> <!-- @BeforeMethod openApp -->
  <testcase classname="genericLib.BaseClass" name="@BeforeMethod openApp" time="0.771">
    <failure type="java.io.FileNotFoundException" message=".\src\main\resources\data.properties (The system cannot find the file specified)">
      <![CDATA[java.io.FileNotFoundException: .\src\main\resources\data.properties (The system cannot find the file specified)
at java.base/java.io.FileInputStream.open0(Native Method)
at java.base/java.io.FileInputStream.open(FileInputStream.java:216)
at java.base/java.io.FileInputStream.<init>(FileInputStream.java:157)
at java.base/java.io.FileInputStream.<init>(FileInputStream.java:111)
at genericLib.PropertyFile.getPropertyFile(PropertyFile.java:12)
at genericLib.BaseClass.openApp(BaseClass.java:26)
at java.base/java.util.ArrayList.forEach(ArrayList.java:1511)
... Removed 31 stack frames]]>
    </failure>
  </testcase> <!-- @BeforeMethod openApp -->
  <testcase classname="Scripts.TestCase1" name="tc1" time="0.0">
    <skipped/>
  </testcase> <!-- tc1 -->
  <testcase classname="Scripts.TestCase2" name="tc2" time="0.0">
    <skipped/>
  </testcase> <!-- tc2 -->
  <testcase classname="Scripts.TestCase3" name="tc3" time="0.0">
    <skipped/>
  </testcase> <!-- tc3 -->
</testsuite> <!-- Test -->
